<?xml version="1.0" encoding="UTF-8" ?>
<testsuite tests="2" failures="0" name="TestSuite" time="533.855" errors="0" skipped="0">
  <properties>
    <property name="JOB_NAME" value="JenkinNPWAutomation"/>
    <property name="java.vendor" value="Oracle Corporation"/>
    <property name="COR_ENABLE_PROFILING" value="1"/>
    <property name="sun.java.launcher" value="SUN_STANDARD"/>
    <property name="windows_tracing_logfile" value="C:\BVTBin\Tests\installpackage\csilogfile.log"/>
    <property name="NUMBER_OF_PROCESSORS" value="4"/>
    <property name="sun.management.compiler" value="HotSpot 64-Bit Tiered Compilers"/>
    <property name="DEFLOGDIR" value="C:\ProgramData\McAfee\Endpoint Security\Logs"/>
    <property name="JENKINS_HOME" value="C:\Users\xy58630\.jenkins"/>
    <property name="HUDSON_SERVER_COOKIE" value="b638cb38629b45c3"/>
    <property name="POM_ARTIFACTID" value="npwAutomation1"/>
    <property name="os.name" value="Windows 7"/>
    <property name="EXECUTOR_NUMBER" value="0"/>
    <property name="PATHEXT" value=".COM;.EXE;.BAT;.CMD;.VBS;.VBE;.JS;.JSE;.WSF;.WSH;.MSC"/>
    <property name="java.vm.specification.vendor" value="Oracle Corporation"/>
    <property name="POM_DISPLAYNAME" value="npwAutomation1"/>
    <property name="TEMP" value="C:\Users\xy58630\AppData\Local\Temp;C:\Users\xy58630\Documents\Digital servicing\Maven\apache-maven-3.6.3-bin\apache-maven-3.6.3\bin"/>
    <property name="NODE_LABELS" value="master"/>
    <property name="java.runtime.version" value="13.0.1+9"/>
    <property name="IntelliJ IDEA Community Edition" value="C:\Program Files\JetBrains\IntelliJ IDEA Community Edition 2019.2\bin;"/>
    <property name="HOMESHARE" value="\\tsrhomv01\homefolder$\XY58630"/>
    <property name="user.name" value="xy58630"/>
    <property name="guice.disable.misplaced.annotation.check" value="true"/>
    <property name="CommonProgramW6432" value="C:\Program Files\Common Files"/>
    <property name="ProgramFiles" value="C:\Program Files"/>
    <property name="PROMPT" value="$P$G"/>
    <property name="user.language" value="en"/>
    <property name="JOB_BASE_NAME" value="JenkinNPWAutomation"/>
    <property name="RUN_CHANGES_DISPLAY_URL" value="http://unconfigured-jenkins-location/job/JenkinNPWAutomation/5/display/redirect?page=changes"/>
    <property name="BUILD_DISPLAY_NAME" value="#5"/>
    <property name="sun.boot.library.path" value="C:\Program Files\Java\jdk-13.0.1\bin"/>
    <property name="java.vm.compressedOopsMode" value="Zero based"/>
    <property name="LOCALAPPDATA" value="C:\Users\xy58630\AppData\Local"/>
    <property name="java.version" value="13.0.1"/>
    <property name="user.timezone" value="Africa/Johannesburg"/>
    <property name="PROCESSOR_LEVEL" value="6"/>
    <property name="USERNAME" value="xy58630"/>
    <property name="sun.arch.data.model" value="64"/>
    <property name="NODE_NAME" value="master"/>
    <property name="BUILD_ID" value="5"/>
    <property name="sun.cpu.isalist" value="amd64"/>
    <property name="sun.jnu.encoding" value="Cp1252"/>
    <property name="maven.conf" value="C:\Users\xy58630\.jenkins\tools\hudson.tasks.Maven_MavenInstallation\NPW\conf"/>
    <property name="file.separator" value="\"/>
    <property name="java.specification.name" value="Java Platform API Specification"/>
    <property name="HOMEDRIVE" value="F:"/>
    <property name="java.class.version" value="57.0"/>
    <property name="=::" value="::\"/>
    <property name="org.slf4j.simpleLogger.defaultLogLevel" value="info"/>
    <property name="user.country" value="ZA"/>
    <property name="ALLUSERSPROFILE" value="C:\ProgramData"/>
    <property name="java.home" value="C:\Program Files\Java\jdk-13.0.1"/>
    <property name="java.vm.info" value="mixed mode, sharing"/>
    <property name="os.version" value="6.1"/>
    <property name="RUN_DISPLAY_URL" value="http://unconfigured-jenkins-location/job/JenkinNPWAutomation/5/display/redirect"/>
    <property name="POM_VERSION" value="0.0.1-SNAPSHOT"/>
    <property name="TMP" value="C:\Users\xy58630\AppData\Local\Temp"/>
    <property name="path.separator" value=";"/>
    <property name="java.vm.version" value="13.0.1+9"/>
    <property name="user.variant" value=""/>
    <property name="CommonProgramFiles(x86)" value="C:\Program Files (x86)\Common Files"/>
    <property name="JOB_DISPLAY_URL" value="http://unconfigured-jenkins-location/job/JenkinNPWAutomation/display/redirect"/>
    <property name="FP_NO_HOST_CHECK" value="NO"/>
    <property name="CommonProgramFiles" value="C:\Program Files\Common Files"/>
    <property name="JAVA_HOME" value="C:\Program Files\Java\jdk-13.0.1"/>
    <property name="sun.io.unicode.encoding" value="UnicodeLittle"/>
    <property name="ComSpec" value="C:\WINDOWS\system32\cmd.exe"/>
    <property name="USERDNSDOMAIN" value="ZA.OMLAC.NET"/>
    <property name="HOMEPATH" value="\"/>
    <property name="POM_PACKAGING" value="jar"/>
    <property name="COMPUTERNAME" value="LT075537"/>
    <property name="user.script" value=""/>
    <property name="POM_GROUPID" value="npwAutomation1"/>
    <property name="user.home" value="C:\Users\xy58630"/>
    <property name="PUBLIC" value="C:\Users\Public"/>
    <property name="BUILD_TAG" value="jenkins-JenkinNPWAutomation-5"/>
    <property name="JENKINS_SERVER_COOKIE" value="b638cb38629b45c3"/>
    <property name="ProgramData" value="C:\ProgramData"/>
    <property name="java.version.date" value="2019-10-15"/>
    <property name="java.specification.vendor" value="Oracle Corporation"/>
    <property name="USERPROFILE" value="C:\Users\xy58630"/>
    <property name="CLASSPATH" value=""/>
    <property name="java.library.path" value="C:\Program Files\Java\jdk-13.0.1\bin;C:\WINDOWS\Sun\Java\bin;C:\WINDOWS\system32;C:\WINDOWS;C:\Users\xy58630\.jenkins\tools\hudson.tasks.Maven_MavenInstallation\NPW/bin;C:\Program Files\Java\jdk-13.0.1/bin;C:\Program Files\Java\jdk-13.0.1/bin;C:\ProgramData\Oracle\Java\javapath;C:\WINDOWS\system32;C:\WINDOWS;C:\WINDOWS\System32\Wbem;C:\WINDOWS\System32\WindowsPowerShell\v1.0\;C:\WINDOWS\System32\WindowsPowerShell\v1.0\;C:\WINDOWS\System32\WindowsPowerShell\v1.0\;C:\Program Files\Microsoft SQL Server\Client SDK\ODBC\110\Tools\Binn\;C:\Program Files (x86)\Microsoft SQL Server\120\Tools\Binn\ManagementStudio\;C:\Program Files (x86)\Microsoft SQL Server\120\Tools\Binn\;C:\Program Files\Microsoft SQL Server\120\Tools\Binn\;C:\Program Files (x86)\Microsoft SQL Server\120\DTS\Binn\;C:\Program Files\Microsoft SQL Server\120\DTS\Binn\;C:\Program Files\nodejs\;C:\Program Files\Git\cmd;C:\Program Files\dotnet\;C:\Program Files\Microsoft SQL Server\130\Tools\Binn\;C:\Program Files\Microsoft SQL Server\Client SDK\ODBC\170\Tools\Binn\;C:\Users\xy58630\Documents\Digital servicing\Maven\apache-maven-3.6.3-bin\apache-maven-3.6.3\bin;C:\Program Files\Java\jdk-13.0.1\bin;C:\Users\xy58630\Documents\Digital servicing\Maven\apache-maven-3.6.3-bin\apache-maven-3.6.3\bin;C:\Users\xy58630\AppData\Local\GitHubDesktop\bin;."/>
    <property name="java.vendor.url" value="https://java.oracle.com/"/>
    <property name="java.vm.vendor" value="Oracle Corporation"/>
    <property name="APPDATA" value="C:\Users\xy58630\AppData\Roaming"/>
    <property name="java.runtime.name" value="Java(TM) SE Runtime Environment"/>
    <property name="maven.home" value="C:\Users\xy58630\.jenkins\tools\hudson.tasks.Maven_MavenInstallation\NPW"/>
    <property name="java.class.path" value="C:\Users\xy58630\.jenkins\plugins\maven-plugin\WEB-INF\lib\maven35-agent-1.13.jar;C:\Users\xy58630\.jenkins\tools\hudson.tasks.Maven_MavenInstallation\NPW\boot\plexus-classworlds-2.6.0.jar;C:\Users\xy58630\.jenkins\tools\hudson.tasks.Maven_MavenInstallation\NPW/conf/logging"/>
    <property name="sun.java.command" value="jenkins.maven3.agent.Maven35Main C:\Users\xy58630\.jenkins\tools\hudson.tasks.Maven_MavenInstallation\NPW C:\Users\xy58630\.jenkins\war\WEB-INF\lib\remoting-3.36.jar C:\Users\xy58630\.jenkins\plugins\maven-plugin\WEB-INF\lib\maven35-interceptor-1.13.jar C:\Users\xy58630\.jenkins\plugins\maven-plugin\WEB-INF\lib\maven3-interceptor-commons-1.13.jar 59383"/>
    <property name="Path" value="C:\Program Files\Java\jdk-13.0.1/bin;C:\ProgramData\Oracle\Java\javapath;C:\WINDOWS\system32;C:\WINDOWS;C:\WINDOWS\System32\Wbem;C:\WINDOWS\System32\WindowsPowerShell\v1.0\;C:\WINDOWS\System32\WindowsPowerShell\v1.0\;C:\WINDOWS\System32\WindowsPowerShell\v1.0\;C:\Program Files\Microsoft SQL Server\Client SDK\ODBC\110\Tools\Binn\;C:\Program Files (x86)\Microsoft SQL Server\120\Tools\Binn\ManagementStudio\;C:\Program Files (x86)\Microsoft SQL Server\120\Tools\Binn\;C:\Program Files\Microsoft SQL Server\120\Tools\Binn\;C:\Program Files (x86)\Microsoft SQL Server\120\DTS\Binn\;C:\Program Files\Microsoft SQL Server\120\DTS\Binn\;C:\Program Files\nodejs\;C:\Program Files\Git\cmd;C:\Program Files\dotnet\;C:\Program Files\Microsoft SQL Server\130\Tools\Binn\;C:\Program Files\Microsoft SQL Server\Client SDK\ODBC\170\Tools\Binn\;C:\Users\xy58630\Documents\Digital servicing\Maven\apache-maven-3.6.3-bin\apache-maven-3.6.3\bin;C:\Program Files\Java\jdk-13.0.1\bin;C:\Users\xy58630\Documents\Digital servicing\Maven\apache-maven-3.6.3-bin\apache-maven-3.6.3\bin;C:\Users\xy58630\AppData\Local\GitHubDesktop\bin"/>
    <property name="jdk.debug" value="release"/>
    <property name="PROCESSOR_ARCHITECTURE" value="AMD64"/>
    <property name="java.vm.specification.name" value="Java Virtual Machine Specification"/>
    <property name="PATH+JDK" value="C:\Program Files\Java\jdk-13.0.1/bin"/>
    <property name="SESSIONNAME" value="Console"/>
    <property name="PROCESSOR_IDENTIFIER" value="Intel64 Family 6 Model 78 Stepping 3, GenuineIntel"/>
    <property name="java.vm.specification.version" value="13"/>
    <property name="M2_HOME" value="C:\Users\xy58630\.jenkins\tools\hudson.tasks.Maven_MavenInstallation\NPW"/>
    <property name="sun.cpu.endian" value="little"/>
    <property name="sun.os.patch.level" value="Service Pack 1"/>
    <property name="OS" value="Windows_NT"/>
    <property name="java.io.tmpdir" value="C:\Users\xy58630\AppData\Local\Temp\"/>
    <property name="HUDSON_HOME" value="C:\Users\xy58630\.jenkins"/>
    <property name="PATH+MAVEN" value="C:\Users\xy58630\.jenkins\tools\hudson.tasks.Maven_MavenInstallation\NPW/bin"/>
    <property name="ProgramFiles(x86)" value="C:\Program Files (x86)"/>
    <property name="java.vendor.url.bug" value="https://bugreport.java.com/bugreport/"/>
    <property name="SystemRoot" value="C:\WINDOWS"/>
    <property name="os.arch" value="amd64"/>
    <property name="windows_tracing_flags" value="3"/>
    <property name="user.dir" value="C:\Users\xy58630\Documents\Workspace3\npwAutomation1"/>
    <property name="LOGONSERVER" value="\\TSAWCV001"/>
    <property name="COR_PROFILER" value="{B74E4EB1-99CB-4B76-AF5F-2A0A973DC9A9}"/>
    <property name="USERDOMAIN" value="OMCORE"/>
    <property name="MAVEN_HOME" value="C:\Users\xy58630\.jenkins\tools\hudson.tasks.Maven_MavenInstallation\NPW"/>
    <property name="line.separator" value="
"/>
    <property name="java.vm.name" value="Java HotSpot(TM) 64-Bit Server VM"/>
    <property name="BUILD_NUMBER" value="5"/>
    <property name="PROCESSOR_REVISION" value="4e03"/>
    <property name="UATDATA" value="C:\WINDOWS\CCM\UATData\D9F8C395-CAB8-491d-B8AC-179A1FE1BE77"/>
    <property name="ProgramW6432" value="C:\Program Files"/>
    <property name="windir" value="C:\WINDOWS"/>
    <property name="=C:" value="C:\Program Files (x86)\Jenkins"/>
    <property name="file.encoding" value="Cp1252"/>
    <property name="SystemDrive" value="C:"/>
    <property name="maven3.interceptor" value="C:\Users\xy58630\.jenkins\plugins\maven-plugin\WEB-INF\lib\maven35-interceptor-1.13.jar"/>
    <property name="WORKSPACE" value="C:\Users\xy58630\.jenkins\workspace\JenkinNPWAutomation"/>
    <property name="maven3.interceptor.common" value="C:\Users\xy58630\.jenkins\plugins\maven-plugin\WEB-INF\lib\maven3-interceptor-commons-1.13.jar"/>
    <property name="PSModulePath" value="C:\Program Files\WindowsPowerShell\Modules;C:\WINDOWS\system32\WindowsPowerShell\v1.0\Modules;C:\Program Files (x86)\Microsoft Azure Information Protection\Powershell;C:\Program Files (x86)\Microsoft SQL Server\120\Tools\PowerShell\Modules\"/>
    <property name="java.specification.version" value="13"/>
  </properties>
  <testcase classname="com.npw.testscripts.ra.TC_01_CreateRAApplication" name="createApp on [TC_01_CreateRAApplication passed=0 failed=0 skipped=0]" time="35.562"/>
  <testcase classname="com.npw.testscripts.ra.TC_05_VerifyNPWLinks" name="verifyLinks on [TC_05_VerifyNPWLinks passed=0 failed=0 skipped=0]" time="498.293"/>
</testsuite>