<?xml version="1.0" encoding="UTF-8"?>
<!-- Generated by org.testng.reporters.JUnitReportReporter -->
<testsuite hostname="LT075537" failures="0" tests="1" name="com.npw.testscripts.ra.TC_05_VerifyNPWLinks" time="498.294" errors="0" timestamp="03 Feb 2020 16:35:53 GMT" skipped="0">
  <testcase classname="com.npw.testscripts.ra.TC_05_VerifyNPWLinks" name="verifyLinks" time="498.294"/>
</testsuite> <!-- com.npw.testscripts.ra.TC_05_VerifyNPWLinks -->
